[ 2013-10-04T01:26:42+08:00 ] 127.0.0.1 /index/right
INFO: [ route_check ] --START--
INFO: CheckRoute Behavior ::run [ RunTime:0.113715s ]
INFO: [ route_check ] --END-- [ RunTime:0.121186s ]
INFO: [ app_begin ] --START--
INFO: ReadHtmlCache Behavior ::run [ RunTime:0.000230s ]
INFO: [ app_begin ] --END-- [ RunTime:0.000373s ]
SQL: SHOW COLUMNS FROM `think_data` [ RunTime:0.105606s ]
SQL: SELECT * FROM `think_data`  [ RunTime:0.039799s ]
INFO: [ view_parse ] --START--
INFO: ParseTemplate Behavior ::run [ RunTime:0.557944s ]
INFO: [ view_parse ] --END-- [ RunTime:0.976555s ]
INFO: [ view_filter ] --START--
INFO: ContentReplace Behavior ::run [ RunTime:0.126752s ]
INFO: TokenBuild Behavior ::run [ RunTime:0.014733s ]
INFO: WriteHtmlCache Behavior ::run [ RunTime:0.000156s ]
INFO: ShowRuntime Behavior ::run [ RunTime:0.000241s ]
INFO: [ view_filter ] --END-- [ RunTime:0.142175s ]
INFO: [ view_end ] --START--
INFO: ShowPageTrace Behavior ::run [ RunTime:0.000211s ]
INFO: [ view_end ] --END-- [ RunTime:0.000277s ]

[ 2013-10-04T01:26:54+08:00 ] 127.0.0.1 /index/right
INFO: [ route_check ] --START--
INFO: CheckRoute Behavior ::run [ RunTime:0.010418s ]
INFO: [ route_check ] --END-- [ RunTime:0.010694s ]
INFO: [ app_begin ] --START--
INFO: ReadHtmlCache Behavior ::run [ RunTime:0.000151s ]
INFO: [ app_begin ] --END-- [ RunTime:0.000246s ]
SQL: SHOW COLUMNS FROM `think_data` [ RunTime:0.063055s ]
SQL: SELECT * FROM `think_data`  [ RunTime:0.000336s ]
INFO: [ view_parse ] --START--
INFO: ParseTemplate Behavior ::run [ RunTime:0.211531s ]
INFO: [ view_parse ] --END-- [ RunTime:0.211662s ]
INFO: [ view_filter ] --START--
INFO: ContentReplace Behavior ::run [ RunTime:0.000240s ]
INFO: TokenBuild Behavior ::run [ RunTime:0.000132s ]
INFO: WriteHtmlCache Behavior ::run [ RunTime:0.000082s ]
INFO: ShowRuntime Behavior ::run [ RunTime:0.000143s ]
INFO: [ view_filter ] --END-- [ RunTime:0.000792s ]
INFO: [ view_end ] --START--
INFO: ShowPageTrace Behavior ::run [ RunTime:0.000160s ]
INFO: [ view_end ] --END-- [ RunTime:0.000292s ]

[ 2013-10-04T01:27:07+08:00 ] 127.0.0.1 /index/right
INFO: [ route_check ] --START--
INFO: CheckRoute Behavior ::run [ RunTime:0.000539s ]
INFO: [ route_check ] --END-- [ RunTime:0.001190s ]
INFO: [ app_begin ] --START--
INFO: ReadHtmlCache Behavior ::run [ RunTime:0.000192s ]
INFO: [ app_begin ] --END-- [ RunTime:0.000449s ]
SQL: SHOW COLUMNS FROM `think_data` [ RunTime:0.022988s ]
SQL: SELECT * FROM `think_data`  [ RunTime:0.000342s ]
INFO: [ view_parse ] --START--
INFO: ParseTemplate Behavior ::run [ RunTime:0.039945s ]
INFO: [ view_parse ] --END-- [ RunTime:0.042786s ]
INFO: [ view_filter ] --START--
INFO: ContentReplace Behavior ::run [ RunTime:0.008131s ]
INFO: TokenBuild Behavior ::run [ RunTime:0.000195s ]
INFO: WriteHtmlCache Behavior ::run [ RunTime:0.000116s ]
INFO: ShowRuntime Behavior ::run [ RunTime:0.000191s ]
INFO: [ view_filter ] --END-- [ RunTime:0.008886s ]
INFO: [ view_end ] --START--
INFO: ShowPageTrace Behavior ::run [ RunTime:0.000188s ]
INFO: [ view_end ] --END-- [ RunTime:0.000277s ]

[ 2013-10-04T12:55:23+08:00 ] 127.0.0.1 /
INFO: [ route_check ] --START--
INFO: CheckRoute Behavior ::run [ RunTime:0.000066s ]
INFO: [ route_check ] --END-- [ RunTime:0.000124s ]
INFO: [ app_begin ] --START--
INFO: ReadHtmlCache Behavior ::run [ RunTime:0.000067s ]
INFO: [ app_begin ] --END-- [ RunTime:0.000124s ]

[ 2013-10-04T12:55:23+08:00 ] 127.0.0.1 /
INFO: [ route_check ] --START--
INFO: CheckRoute Behavior ::run [ RunTime:0.000065s ]
INFO: [ route_check ] --END-- [ RunTime:0.000120s ]
INFO: [ app_begin ] --START--
INFO: ReadHtmlCache Behavior ::run [ RunTime:0.000061s ]
INFO: [ app_begin ] --END-- [ RunTime:0.000096s ]

[ 2013-10-04T12:55:43+08:00 ] 127.0.0.1 /
INFO: [ route_check ] --START--
INFO: CheckRoute Behavior ::run [ RunTime:0.000112s ]
INFO: [ route_check ] --END-- [ RunTime:0.000174s ]
INFO: [ app_begin ] --START--
INFO: ReadHtmlCache Behavior ::run [ RunTime:0.000066s ]
INFO: [ app_begin ] --END-- [ RunTime:0.000107s ]

[ 2013-10-04T12:55:45+08:00 ] 127.0.0.1 /
INFO: [ route_check ] --START--
INFO: CheckRoute Behavior ::run [ RunTime:0.000071s ]
INFO: [ route_check ] --END-- [ RunTime:0.000140s ]
INFO: [ app_begin ] --START--
INFO: ReadHtmlCache Behavior ::run [ RunTime:0.000065s ]
INFO: [ app_begin ] --END-- [ RunTime:0.000101s ]

[ 2013-10-04T12:55:51+08:00 ] 127.0.0.1 /index/right
INFO: [ route_check ] --START--
INFO: CheckRoute Behavior ::run [ RunTime:0.003160s ]
INFO: [ route_check ] --END-- [ RunTime:0.003366s ]
INFO: [ app_begin ] --START--
INFO: ReadHtmlCache Behavior ::run [ RunTime:0.000093s ]
INFO: [ app_begin ] --END-- [ RunTime:0.000151s ]
SQL: SHOW COLUMNS FROM `think_cms_index` [ RunTime:0.000963s ]
ERR: 1146:Table 'monkey.think_cms_index' doesn't exist
 [ SQL语句 ] : SHOW COLUMNS FROM `think_cms_index`
SQL: SELECT * FROM `think_cms_index`  [ RunTime:0.000119s ]
ERR: 1146:Table 'monkey.think_cms_index' doesn't exist
 [ SQL语句 ] : SELECT * FROM `think_cms_index` 

[ 2013-10-04T12:56:13+08:00 ] 127.0.0.1 /index/right
INFO: [ route_check ] --START--
INFO: CheckRoute Behavior ::run [ RunTime:0.000114s ]
INFO: [ route_check ] --END-- [ RunTime:0.000204s ]
INFO: [ app_begin ] --START--
INFO: ReadHtmlCache Behavior ::run [ RunTime:0.000102s ]
INFO: [ app_begin ] --END-- [ RunTime:0.000167s ]
SQL: SHOW COLUMNS FROM `t_monkeycms_index` [ RunTime:0.027463s ]
ERR: 1146:Table 'monkey.t_monkeycms_index' doesn't exist
 [ SQL语句 ] : SHOW COLUMNS FROM `t_monkeycms_index`
SQL: SELECT * FROM `t_monkeycms_index`  [ RunTime:0.000169s ]
ERR: 1146:Table 'monkey.t_monkeycms_index' doesn't exist
 [ SQL语句 ] : SELECT * FROM `t_monkeycms_index` 

[ 2013-10-04T12:56:15+08:00 ] 127.0.0.1 /index/right
INFO: [ route_check ] --START--
INFO: CheckRoute Behavior ::run [ RunTime:0.000101s ]
INFO: [ route_check ] --END-- [ RunTime:0.000209s ]
INFO: [ app_begin ] --START--
INFO: ReadHtmlCache Behavior ::run [ RunTime:0.000104s ]
INFO: [ app_begin ] --END-- [ RunTime:0.000166s ]
SQL: SHOW COLUMNS FROM `t_monkeycms_index` [ RunTime:0.001547s ]
ERR: 1146:Table 'monkey.t_monkeycms_index' doesn't exist
 [ SQL语句 ] : SHOW COLUMNS FROM `t_monkeycms_index`
SQL: SELECT * FROM `t_monkeycms_index`  [ RunTime:0.000162s ]
ERR: 1146:Table 'monkey.t_monkeycms_index' doesn't exist
 [ SQL语句 ] : SELECT * FROM `t_monkeycms_index` 

[ 2013-10-04T12:56:15+08:00 ] 127.0.0.1 /index/right
INFO: [ route_check ] --START--
INFO: CheckRoute Behavior ::run [ RunTime:0.000105s ]
INFO: [ route_check ] --END-- [ RunTime:0.000188s ]
INFO: [ app_begin ] --START--
INFO: ReadHtmlCache Behavior ::run [ RunTime:0.000099s ]
INFO: [ app_begin ] --END-- [ RunTime:0.000170s ]
SQL: SHOW COLUMNS FROM `t_monkeycms_index` [ RunTime:0.001187s ]
ERR: 1146:Table 'monkey.t_monkeycms_index' doesn't exist
 [ SQL语句 ] : SHOW COLUMNS FROM `t_monkeycms_index`
SQL: SELECT * FROM `t_monkeycms_index`  [ RunTime:0.000156s ]
ERR: 1146:Table 'monkey.t_monkeycms_index' doesn't exist
 [ SQL语句 ] : SELECT * FROM `t_monkeycms_index` 

[ 2013-10-04T12:56:16+08:00 ] 127.0.0.1 /index/right
INFO: [ route_check ] --START--
INFO: CheckRoute Behavior ::run [ RunTime:0.000066s ]
INFO: [ route_check ] --END-- [ RunTime:0.000122s ]
INFO: [ app_begin ] --START--
INFO: ReadHtmlCache Behavior ::run [ RunTime:0.000062s ]
INFO: [ app_begin ] --END-- [ RunTime:0.000100s ]
SQL: SHOW COLUMNS FROM `t_monkeycms_index` [ RunTime:0.222536s ]
ERR: 1146:Table 'monkey.t_monkeycms_index' doesn't exist
 [ SQL语句 ] : SHOW COLUMNS FROM `t_monkeycms_index`
SQL: SELECT * FROM `t_monkeycms_index`  [ RunTime:0.000219s ]
ERR: 1146:Table 'monkey.t_monkeycms_index' doesn't exist
 [ SQL语句 ] : SELECT * FROM `t_monkeycms_index` 

[ 2013-10-04T12:56:16+08:00 ] 127.0.0.1 /index/right
INFO: [ route_check ] --START--
INFO: CheckRoute Behavior ::run [ RunTime:0.000174s ]
INFO: [ route_check ] --END-- [ RunTime:0.000306s ]
INFO: [ app_begin ] --START--
INFO: ReadHtmlCache Behavior ::run [ RunTime:0.000074s ]
INFO: [ app_begin ] --END-- [ RunTime:0.000112s ]
SQL: SHOW COLUMNS FROM `t_monkeycms_index` [ RunTime:0.001716s ]
ERR: 1146:Table 'monkey.t_monkeycms_index' doesn't exist
 [ SQL语句 ] : SHOW COLUMNS FROM `t_monkeycms_index`
SQL: SELECT * FROM `t_monkeycms_index`  [ RunTime:0.000164s ]
ERR: 1146:Table 'monkey.t_monkeycms_index' doesn't exist
 [ SQL语句 ] : SELECT * FROM `t_monkeycms_index` 

[ 2013-10-04T12:57:50+08:00 ] 127.0.0.1 /index/right
INFO: [ route_check ] --START--
INFO: CheckRoute Behavior ::run [ RunTime:0.000360s ]
INFO: [ route_check ] --END-- [ RunTime:0.000835s ]
INFO: [ app_begin ] --START--
INFO: ReadHtmlCache Behavior ::run [ RunTime:0.000182s ]
INFO: [ app_begin ] --END-- [ RunTime:0.000276s ]
SQL: SHOW COLUMNS FROM `t_monkeycms_index` [ RunTime:0.001029s ]
ERR: 1146:Table 'monkey.t_monkeycms_index' doesn't exist
 [ SQL语句 ] : SHOW COLUMNS FROM `t_monkeycms_index`
SQL: SELECT * FROM `t_monkeycms_index`  [ RunTime:0.000387s ]
ERR: 1146:Table 'monkey.t_monkeycms_index' doesn't exist
 [ SQL语句 ] : SELECT * FROM `t_monkeycms_index` 

[ 2013-10-04T12:58:49+08:00 ] 127.0.0.1 /index/right
INFO: [ route_check ] --START--
INFO: CheckRoute Behavior ::run [ RunTime:0.000087s ]
INFO: [ route_check ] --END-- [ RunTime:0.000142s ]
INFO: [ app_begin ] --START--
INFO: ReadHtmlCache Behavior ::run [ RunTime:0.000061s ]
INFO: [ app_begin ] --END-- [ RunTime:0.000099s ]
SQL: SHOW COLUMNS FROM monkey.t_monkeycms_index [ RunTime:0.001295s ]
ERR: 1146:Table 'monkey.t_monkeycms_index' doesn't exist
 [ SQL语句 ] : SHOW COLUMNS FROM monkey.t_monkeycms_index
SQL: SELECT * FROM monkey.t_monkeycms_index  [ RunTime:0.000136s ]
ERR: 1146:Table 'monkey.t_monkeycms_index' doesn't exist
 [ SQL语句 ] : SELECT * FROM monkey.t_monkeycms_index 

[ 2013-10-04T12:58:50+08:00 ] 127.0.0.1 /index/right
INFO: [ route_check ] --START--
INFO: CheckRoute Behavior ::run [ RunTime:0.000099s ]
INFO: [ route_check ] --END-- [ RunTime:0.000177s ]
INFO: [ app_begin ] --START--
INFO: ReadHtmlCache Behavior ::run [ RunTime:0.000098s ]
INFO: [ app_begin ] --END-- [ RunTime:0.000157s ]
SQL: SHOW COLUMNS FROM monkey.t_monkeycms_index [ RunTime:0.031147s ]
ERR: 1146:Table 'monkey.t_monkeycms_index' doesn't exist
 [ SQL语句 ] : SHOW COLUMNS FROM monkey.t_monkeycms_index
SQL: SELECT * FROM monkey.t_monkeycms_index  [ RunTime:0.000138s ]
ERR: 1146:Table 'monkey.t_monkeycms_index' doesn't exist
 [ SQL语句 ] : SELECT * FROM monkey.t_monkeycms_index 

[ 2013-10-04T12:58:51+08:00 ] 127.0.0.1 /index/right
INFO: [ route_check ] --START--
INFO: CheckRoute Behavior ::run [ RunTime:0.000064s ]
INFO: [ route_check ] --END-- [ RunTime:0.000117s ]
INFO: [ app_begin ] --START--
INFO: ReadHtmlCache Behavior ::run [ RunTime:0.000063s ]
INFO: [ app_begin ] --END-- [ RunTime:0.000100s ]
SQL: SHOW COLUMNS FROM monkey.t_monkeycms_index [ RunTime:0.040786s ]
ERR: 1146:Table 'monkey.t_monkeycms_index' doesn't exist
 [ SQL语句 ] : SHOW COLUMNS FROM monkey.t_monkeycms_index
SQL: SELECT * FROM monkey.t_monkeycms_index  [ RunTime:0.000130s ]
ERR: 1146:Table 'monkey.t_monkeycms_index' doesn't exist
 [ SQL语句 ] : SELECT * FROM monkey.t_monkeycms_index 

[ 2013-10-04T12:58:51+08:00 ] 127.0.0.1 /index/right
INFO: [ route_check ] --START--
INFO: CheckRoute Behavior ::run [ RunTime:0.000064s ]
INFO: [ route_check ] --END-- [ RunTime:0.000118s ]
INFO: [ app_begin ] --START--
INFO: ReadHtmlCache Behavior ::run [ RunTime:0.000061s ]
INFO: [ app_begin ] --END-- [ RunTime:0.000098s ]
SQL: SHOW COLUMNS FROM monkey.t_monkeycms_index [ RunTime:0.017580s ]
ERR: 1146:Table 'monkey.t_monkeycms_index' doesn't exist
 [ SQL语句 ] : SHOW COLUMNS FROM monkey.t_monkeycms_index
SQL: SELECT * FROM monkey.t_monkeycms_index  [ RunTime:0.000140s ]
ERR: 1146:Table 'monkey.t_monkeycms_index' doesn't exist
 [ SQL语句 ] : SELECT * FROM monkey.t_monkeycms_index 

[ 2013-10-04T13:01:14+08:00 ] 127.0.0.1 /index/right
INFO: [ route_check ] --START--
INFO: CheckRoute Behavior ::run [ RunTime:0.000066s ]
INFO: [ route_check ] --END-- [ RunTime:0.000118s ]
INFO: [ app_begin ] --START--
INFO: ReadHtmlCache Behavior ::run [ RunTime:0.000060s ]
INFO: [ app_begin ] --END-- [ RunTime:0.000096s ]
SQL: SHOW COLUMNS FROM monkey.t_monkey_cms_index [ RunTime:0.001945s ]
SQL: SELECT * FROM monkey.t_monkey_cms_index  [ RunTime:0.000210s ]

[ 2013-10-04T13:04:40+08:00 ] 127.0.0.1 /index/right
INFO: [ route_check ] --START--
INFO: CheckRoute Behavior ::run [ RunTime:0.000076s ]
INFO: [ route_check ] --END-- [ RunTime:0.000133s ]
INFO: [ app_begin ] --START--
INFO: ReadHtmlCache Behavior ::run [ RunTime:0.000061s ]
INFO: [ app_begin ] --END-- [ RunTime:0.000098s ]
SQL: SHOW COLUMNS FROM monkey.t_monkey_cms_index [ RunTime:0.002217s ]
SQL: SELECT * FROM monkey.t_monkey_cms_index WHERE ( status=1 )  [ RunTime:0.018884s ]

[ 2013-10-04T13:04:45+08:00 ] 127.0.0.1 /index/right
INFO: [ route_check ] --START--
INFO: CheckRoute Behavior ::run [ RunTime:0.000108s ]
INFO: [ route_check ] --END-- [ RunTime:0.000194s ]
INFO: [ app_begin ] --START--
INFO: ReadHtmlCache Behavior ::run [ RunTime:0.000106s ]
INFO: [ app_begin ] --END-- [ RunTime:0.000174s ]
SQL: SHOW COLUMNS FROM monkey.t_monkey_cms_index [ RunTime:0.001539s ]
SQL: SELECT * FROM monkey.t_monkey_cms_index WHERE ( status=0 )  [ RunTime:0.000365s ]

[ 2013-10-04T13:05:19+08:00 ] 127.0.0.1 /index/welcome
INFO: [ route_check ] --START--
INFO: CheckRoute Behavior ::run [ RunTime:0.000065s ]
INFO: [ route_check ] --END-- [ RunTime:0.000118s ]
INFO: [ app_begin ] --START--
INFO: ReadHtmlCache Behavior ::run [ RunTime:0.000078s ]
INFO: [ app_begin ] --END-- [ RunTime:0.000126s ]
SQL: SHOW COLUMNS FROM monkey.t_monkey_cms_index [ RunTime:0.001741s ]
SQL: SELECT * FROM monkey.t_monkey_cms_index WHERE ( status=0 )  [ RunTime:0.000388s ]

[ 2013-10-04T13:05:29+08:00 ] 127.0.0.1 /index/welcome
INFO: [ route_check ] --START--
INFO: CheckRoute Behavior ::run [ RunTime:0.000067s ]
INFO: [ route_check ] --END-- [ RunTime:0.000133s ]
INFO: [ app_begin ] --START--
INFO: ReadHtmlCache Behavior ::run [ RunTime:0.000074s ]
INFO: [ app_begin ] --END-- [ RunTime:0.000121s ]
SQL: SHOW COLUMNS FROM monkey.t_monkey_cms_index [ RunTime:0.001666s ]
SQL: SELECT * FROM monkey.t_monkey_cms_index WHERE ( status=1 )  [ RunTime:0.000273s ]

[ 2013-10-04T13:09:22+08:00 ] 127.0.0.1 /index/welcome
INFO: [ route_check ] --START--
INFO: CheckRoute Behavior ::run [ RunTime:0.000063s ]
INFO: [ route_check ] --END-- [ RunTime:0.000115s ]
INFO: [ app_begin ] --START--
INFO: ReadHtmlCache Behavior ::run [ RunTime:0.000059s ]
INFO: [ app_begin ] --END-- [ RunTime:0.000096s ]
SQL: SHOW COLUMNS FROM monkey.t_monkey_cms_index [ RunTime:0.013258s ]
SQL: SELECT * FROM monkey.t_monkey_cms_index WHERE ( status=1 )  [ RunTime:0.000278s ]
ERR: 模板不存在[/Users/linhuazhu/getCode/huiguilin/public/Tpl/index/welcome.html]

[ 2013-10-04T13:09:37+08:00 ] 127.0.0.1 /index/welcome
INFO: [ route_check ] --START--
INFO: CheckRoute Behavior ::run [ RunTime:0.000096s ]
INFO: [ route_check ] --END-- [ RunTime:0.000178s ]
INFO: [ app_begin ] --START--
INFO: ReadHtmlCache Behavior ::run [ RunTime:0.000095s ]
INFO: [ app_begin ] --END-- [ RunTime:0.000156s ]
SQL: SHOW COLUMNS FROM monkey.t_monkey_cms_index [ RunTime:0.001476s ]
SQL: SELECT * FROM monkey.t_monkey_cms_index WHERE ( status=1 ) ORDER BY module_type  [ RunTime:0.000348s ]

[ 2013-10-04T13:09:55+08:00 ] 127.0.0.1 /index/welcome
INFO: [ route_check ] --START--
INFO: CheckRoute Behavior ::run [ RunTime:0.000092s ]
INFO: [ route_check ] --END-- [ RunTime:0.000165s ]
INFO: [ app_begin ] --START--
INFO: ReadHtmlCache Behavior ::run [ RunTime:0.000115s ]
INFO: [ app_begin ] --END-- [ RunTime:0.000190s ]
SQL: SHOW COLUMNS FROM monkey.t_monkey_cms_index [ RunTime:0.009861s ]
SQL: SELECT * FROM monkey.t_monkey_cms_index WHERE ( status=1 ) ORDER BY module_type  [ RunTime:0.000308s ]

[ 2013-10-04T13:09:59+08:00 ] 127.0.0.1 /index/welcome
INFO: [ route_check ] --START--
INFO: CheckRoute Behavior ::run [ RunTime:0.000064s ]
INFO: [ route_check ] --END-- [ RunTime:0.000117s ]
INFO: [ app_begin ] --START--
INFO: ReadHtmlCache Behavior ::run [ RunTime:0.000058s ]
INFO: [ app_begin ] --END-- [ RunTime:0.000091s ]
SQL: SHOW COLUMNS FROM monkey.t_monkey_cms_index [ RunTime:0.002381s ]
SQL: SELECT * FROM monkey.t_monkey_cms_index WHERE ( status=1 ) ORDER BY module_type  [ RunTime:0.000380s ]

[ 2013-10-04T13:10:16+08:00 ] 127.0.0.1 /index/welcome
INFO: [ route_check ] --START--
INFO: CheckRoute Behavior ::run [ RunTime:0.000074s ]
INFO: [ route_check ] --END-- [ RunTime:0.000134s ]
INFO: [ app_begin ] --START--
INFO: ReadHtmlCache Behavior ::run [ RunTime:0.000069s ]
INFO: [ app_begin ] --END-- [ RunTime:0.000113s ]
SQL: SHOW COLUMNS FROM monkey.t_monkey_cms_index [ RunTime:0.002500s ]
SQL: SELECT * FROM monkey.t_monkey_cms_index WHERE ( status=1 ) ORDER BY weight  [ RunTime:0.000317s ]

[ 2013-10-04T13:10:18+08:00 ] 127.0.0.1 /index/welcome
INFO: [ route_check ] --START--
INFO: CheckRoute Behavior ::run [ RunTime:0.000102s ]
INFO: [ route_check ] --END-- [ RunTime:0.000188s ]
INFO: [ app_begin ] --START--
INFO: ReadHtmlCache Behavior ::run [ RunTime:0.000113s ]
INFO: [ app_begin ] --END-- [ RunTime:0.000179s ]
SQL: SHOW COLUMNS FROM monkey.t_monkey_cms_index [ RunTime:0.002332s ]
SQL: SELECT * FROM monkey.t_monkey_cms_index WHERE ( status=1 ) ORDER BY weight  [ RunTime:0.000505s ]

[ 2013-10-04T13:10:21+08:00 ] 127.0.0.1 /index/welcome
INFO: [ route_check ] --START--
INFO: CheckRoute Behavior ::run [ RunTime:0.000068s ]
INFO: [ route_check ] --END-- [ RunTime:0.000121s ]
INFO: [ app_begin ] --START--
INFO: ReadHtmlCache Behavior ::run [ RunTime:0.000063s ]
INFO: [ app_begin ] --END-- [ RunTime:0.000100s ]
SQL: SHOW COLUMNS FROM monkey.t_monkey_cms_index [ RunTime:0.002500s ]
SQL: SELECT * FROM monkey.t_monkey_cms_index WHERE ( status=1 ) ORDER BY weight  [ RunTime:0.000398s ]

[ 2013-10-04T13:10:22+08:00 ] 127.0.0.1 /index/welcome
INFO: [ route_check ] --START--
INFO: CheckRoute Behavior ::run [ RunTime:0.000066s ]
INFO: [ route_check ] --END-- [ RunTime:0.000120s ]
INFO: [ app_begin ] --START--
INFO: ReadHtmlCache Behavior ::run [ RunTime:0.000062s ]
INFO: [ app_begin ] --END-- [ RunTime:0.000099s ]
SQL: SHOW COLUMNS FROM monkey.t_monkey_cms_index [ RunTime:0.002518s ]
SQL: SELECT * FROM monkey.t_monkey_cms_index WHERE ( status=1 ) ORDER BY weight  [ RunTime:0.000322s ]

[ 2013-10-04T13:10:28+08:00 ] 127.0.0.1 /index/welcome
INFO: [ route_check ] --START--
INFO: CheckRoute Behavior ::run [ RunTime:0.000089s ]
INFO: [ route_check ] --END-- [ RunTime:0.000158s ]
INFO: [ app_begin ] --START--
INFO: ReadHtmlCache Behavior ::run [ RunTime:0.000094s ]
INFO: [ app_begin ] --END-- [ RunTime:0.000147s ]
SQL: SHOW COLUMNS FROM monkey.t_monkey_cms_index [ RunTime:0.001502s ]
SQL: SELECT * FROM monkey.t_monkey_cms_index WHERE ( status=1 ) ORDER BY weight DESC  [ RunTime:0.000493s ]

[ 2013-10-04T13:10:29+08:00 ] 127.0.0.1 /index/welcome
INFO: [ route_check ] --START--
INFO: CheckRoute Behavior ::run [ RunTime:0.000112s ]
INFO: [ route_check ] --END-- [ RunTime:0.000199s ]
INFO: [ app_begin ] --START--
INFO: ReadHtmlCache Behavior ::run [ RunTime:0.000109s ]
INFO: [ app_begin ] --END-- [ RunTime:0.000175s ]
SQL: SHOW COLUMNS FROM monkey.t_monkey_cms_index [ RunTime:0.002572s ]
SQL: SELECT * FROM monkey.t_monkey_cms_index WHERE ( status=1 ) ORDER BY weight DESC  [ RunTime:0.000283s ]

[ 2013-10-04T13:10:30+08:00 ] 127.0.0.1 /index/welcome
INFO: [ route_check ] --START--
INFO: CheckRoute Behavior ::run [ RunTime:0.000074s ]
INFO: [ route_check ] --END-- [ RunTime:0.000134s ]
INFO: [ app_begin ] --START--
INFO: ReadHtmlCache Behavior ::run [ RunTime:0.000073s ]
INFO: [ app_begin ] --END-- [ RunTime:0.000117s ]
SQL: SHOW COLUMNS FROM monkey.t_monkey_cms_index [ RunTime:0.002669s ]
SQL: SELECT * FROM monkey.t_monkey_cms_index WHERE ( status=1 ) ORDER BY weight DESC  [ RunTime:0.000365s ]

[ 2013-10-04T15:27:06+08:00 ] 127.0.0.1 /index/welcome
INFO: [ route_check ] --START--
INFO: CheckRoute Behavior ::run [ RunTime:0.000071s ]
INFO: [ route_check ] --END-- [ RunTime:0.000124s ]
INFO: [ app_begin ] --START--
INFO: ReadHtmlCache Behavior ::run [ RunTime:0.000066s ]
INFO: [ app_begin ] --END-- [ RunTime:0.000112s ]
SQL: SHOW COLUMNS FROM monkey.t_monkey_cms_index [ RunTime:0.001268s ]
SQL: SELECT * FROM monkey.t_monkey_cms_index WHERE ( status=1 ) ORDER BY weight DESC  [ RunTime:0.000348s ]

